VirtualBox XPCOM Server 5.2.8 r120774 linux.amd64 (Feb 28 2018 07:46:09) release log
00:00:00.001923 main     Log opened 2018-03-25T22:33:07.227593000Z
00:00:00.001925 main     Build Type: release
00:00:00.001928 main     OS Product: Linux
00:00:00.001929 main     OS Release: 4.15.11-1-ARCH
00:00:00.001930 main     OS Version: #1 SMP PREEMPT Mon Mar 19 18:21:03 UTC 2018
00:00:00.001954 main     DMI Product Name: XPS13 9333
00:00:00.001968 main     DMI Product Version: 
00:00:00.002019 main     Host RAM: 7884MB (7.7GB) total, 7124MB (6.9GB) available
00:00:00.002023 main     Executable: /usr/lib/virtualbox/VBoxSVC
00:00:00.002024 main     Process ID: 4058
00:00:00.002025 main     Package type: LINUX_64BITS_GENERIC (OSE)
00:00:00.004268 main     IPC socket path: /tmp/.vbox-thomas-ipc/ipcd
00:00:00.114187 nspr-2   VirtualBox: object creation starts
00:00:00.115487 nspr-2   Home directory: '/home/thomas/.config/VirtualBox'
00:00:00.115874 nspr-2   Loading settings file "/home/thomas/.config/VirtualBox/VirtualBox.xml" with version "1.12-linux"
00:00:00.122964 nspr-2   USB: Unknown USB device detected (idVendor: 0x8087, idProduct: 0x07dc)
00:00:00.123032 nspr-2   Successfully initialised host USB using sysfs
00:00:00.131138 nspr-2   NetIfAdpCtlOut: VBoxNetAdpCtl: Error while retrieving link speed for wlp2s0: VBoxNetAdpCtl: ioctl failed: Operation not supported
00:00:00.132586 nspr-2   NAT: resolv.conf: nameserver 128.193.15.13
00:00:00.132603 nspr-2   NAT: resolv.conf: nameserver 128.193.15.12
00:00:00.132616 nspr-2   HostDnsMonitor: old information
00:00:00.132634 nspr-2     no server entries
00:00:00.132639 nspr-2     no domain set
00:00:00.132643 nspr-2     no search string entries
00:00:00.132646 nspr-2   HostDnsMonitor: new information
00:00:00.132650 nspr-2     server 1: 128.193.15.13
00:00:00.132654 nspr-2     server 2: 128.193.15.12
00:00:00.132658 nspr-2     no domain set
00:00:00.132661 nspr-2     no search string entries
00:00:00.132666 nspr-2   HostDnsMonitorProxy::notify
00:00:00.137541 nspr-2   VD: VDInit finished with VINF_SUCCESS
00:00:00.138253 nspr-2   ERROR [COM]: aRC=NS_ERROR_FAILURE (0x80004005) aIID={0eb668d2-495e-5a36-8890-29999b5f030c} aComponent={SystemPropertiesWrap} aText={Cannot determine default Guest Additions ISO location. Most likely they are not available}, preserve=false aResultDetail=0
00:00:00.145481 nspr-2   Loading settings file "/home/thomas/VirtualBox VMs/Ubuntu/Ubuntu.vbox" with version "1.16-linux"
00:00:00.146495 nspr-2   VirtualBox: object created
00:00:01.097298 nspr-2   Saving settings file "/home/thomas/.config/VirtualBox/VirtualBox.xml" with version "1.12-linux"
00:00:01.109793 nspr-3   Saving settings file "/home/thomas/.config/VirtualBox/VirtualBox.xml" with version "1.12-linux"
00:00:06.384466 nspr-6   ERROR [COM]: aRC=VBOX_E_OBJECT_NOT_FOUND (0x80bb0001) aIID={edba9d10-45d8-b440-1712-46ac0c9bc4c5} aComponent={ExtPackManagerWrap} aText={No extension pack by the name 'Oracle VM VirtualBox Extension Pack' was found}, preserve=false aResultDetail=0
00:00:06.475034 nspr-6   ERROR [COM]: aRC=VBOX_E_IPRT_ERROR (0x80bb0005) aIID={85cd948e-a71f-4289-281e-0ca7ad48cd89} aComponent={SessionMachine} aText={Saved screenshot data is not available (VERR_NOT_SUPPORTED)}, preserve=false aResultDetail=0
00:00:06.501038 nspr-6   NetIfAdpCtlOut: VBoxNetAdpCtl: Error while retrieving link speed for wlp2s0: VBoxNetAdpCtl: ioctl failed: Operation not supported
00:00:28.699897 nspr-7   Saving settings file "/home/thomas/VirtualBox VMs/Ubuntu/Ubuntu.vbox" with version "1.16-linux"
00:00:30.557873 nspr-7   Saving settings file "/home/thomas/VirtualBox VMs/Ubuntu/Ubuntu.vbox" with version "1.16-linux"
00:05:47.636321 nspr-6   Saving settings file "/home/thomas/VirtualBox VMs/Ubuntu/Ubuntu.vbox" with version "1.16-linux"
00:05:47.704133 nspr-3   Saving settings file "/home/thomas/VirtualBox VMs/Ubuntu/Ubuntu.vbox" with version "1.16-linux"
00:08:35.138222 nspr-3   Saving settings file "/home/thomas/.config/VirtualBox/VirtualBox.xml" with version "1.12-linux"
00:08:35.156588 nspr-3   Saving settings file "/home/thomas/.config/VirtualBox/VirtualBox.xml" with version "1.12-linux"
00:08:35.169172 nspr-5   Saving settings file "/home/thomas/.config/VirtualBox/VirtualBox.xml" with version "1.12-linux"
00:08:40.696759 main     VirtualBox: object deletion starts
00:08:40.696836 main     ERROR [COM]: aRC=VBOX_E_OBJECT_IN_USE (0x80bb000c) aIID={4afe423b-43e0-e9d0-82e8-ceb307940dda} aComponent={MediumWrap} aText={Medium '/home/thomas/VirtualBox VMs/Ubuntu/Ubuntu.qcow' cannot be closed because it is still attached to 1 virtual machines}, preserve=false aResultDetail=0
00:08:41.186996 Watcher  ERROR [COM]: aRC=E_ACCESSDENIED (0x80070005) aIID={9570b9d5-f1a1-448a-10c5-e12f5285adad} aComponent={VirtualBoxWrap} aText={The object is not ready}, preserve=false aResultDetail=0
00:08:45.699975 main     {00007f3248018aa0} HostPowerServiceLinux::~HostPowerServiceLinux: RTThreadWait() for 5000 ms failed with VERR_TIMEOUT
00:08:45.700374 main     VirtualBox: object deleted
